<?xml version="1.0" encoding="UTF-8"?>
<!-- Generated by org.testng.reporters.JUnitReportReporter -->
<testsuite hostname="Vipans-MacBook-Air.local" failures="0" tests="8" name="tranktechnologies.contactus" time="17.525" errors="0" timestamp="2024-12-02T08:28:34 IST" skipped="0">
  <testcase classname="tranktechnologies.contactus" name="navigate" time="8.767"/>
  <testcase classname="tranktechnologies.contactus" name="blogs" time="4.801"/>
  <testcase classname="tranktechnologies.contactus" name="name" time="0.829"/>
  <testcase classname="tranktechnologies.contactus" name="mail" time="0.223"/>
  <testcase classname="tranktechnologies.contactus" name="company" time="0.099"/>
  <testcase classname="tranktechnologies.contactus" name="other" time="0.302"/>
  <testcase classname="tranktechnologies.contactus" name="phone" time="1.797"/>
  <testcase classname="tranktechnologies.contactus" name="message" time="0.707"/>
</testsuite> <!-- tranktechnologies.contactus -->
