<?xml version="1.0" encoding="UTF-8"?>
<!-- Generated by org.testng.reporters.JUnitReportReporter -->
<testsuite hostname="Vipans-MacBook-Air.local" failures="0" tests="2" name="tranktechnologies.home1" time="10.512" errors="0" timestamp="2024-11-28T08:18:39 IST" skipped="0">
  <testcase classname="tranktechnologies.home1" name="navigate" time="6.869"/>
  <testcase classname="tranktechnologies.home1" name="button" time="3.643"/>
</testsuite> <!-- tranktechnologies.home1 -->
