<?xml version="1.0" encoding="UTF-8"?>
<!-- Generated by org.testng.reporters.JUnitReportReporter -->
<testsuite hostname="Vipans-MacBook-Air.local" failures="0" tests="2" name="tranktechnologies.Verticalaction" time="7.226" errors="0" timestamp="2024-12-02T22:42:54 IST" skipped="0">
  <testcase classname="tranktechnologies.Verticalaction" name="V1" time="4.288"/>
  <testcase classname="tranktechnologies.Verticalaction" name="retail" time="2.938"/>
</testsuite> <!-- tranktechnologies.Verticalaction -->
